<?xml version="1.0" encoding="UTF-8"?>
<testng-results ignored="0" total="1" passed="1" failed="0" skipped="0">
  <reporter-output>
  </reporter-output>
  <suite started-at="2022-04-21T15:08:54 CEST" name="Suite1" finished-at="2022-04-21T15:09:30 CEST" duration-ms="36091">
    <groups>
    </groups>
    <test started-at="2022-04-21T15:08:54 CEST" name="Regression1" finished-at="2022-04-21T15:09:30 CEST" duration-ms="36091">
      <class name="Mobile_Test.LoginPageTest">
        <test-method is-config="true" signature="setup()[pri:0, instance:Mobile_Test.LoginPageTest@51b7e5df]" started-at="2022-04-21T15:08:54 CEST" name="setup" finished-at="2022-04-21T15:08:59 CEST" duration-ms="4866" status="PASS">
          <reporter-output>
          </reporter-output>
        </test-method> <!-- setup -->
        <test-method signature="LoginMasterUser()[pri:0, instance:Mobile_Test.LoginPageTest@51b7e5df]" started-at="2022-04-21T15:08:59 CEST" name="LoginMasterUser" finished-at="2022-04-21T15:09:30 CEST" duration-ms="31211" status="PASS">
          <reporter-output>
          </reporter-output>
        </test-method> <!-- LoginMasterUser -->
      </class> <!-- Mobile_Test.LoginPageTest -->
    </test> <!-- Regression1 -->
  </suite> <!-- Suite1 -->
</testng-results>
